{"/Users/mateuszspiewak/WebstormProjects/artillery-plugin-splunk/index.js":{"path":"/Users/mateuszspiewak/WebstormProjects/artillery-plugin-splunk/index.js","s":{"1":1,"2":1,"3":9,"4":9,"5":9,"6":4,"7":4,"8":4,"9":4,"10":4,"11":4,"12":2,"13":2,"14":0,"15":0,"16":0,"17":5,"18":5,"19":14,"20":6,"21":8,"22":3,"23":1},"b":{"1":[9,9,8,2],"2":[4,3],"3":[6,8],"4":[14,9],"5":[3,5],"6":[8,7]},"f":{"1":9,"2":4,"3":0,"4":5,"5":14},"fnMap":{"1":{"name":"(anonymous_1)","line":20,"loc":{"start":{"line":20,"column":14},"end":{"line":20,"column":36}}},"2":{"name":"(anonymous_2)","line":40,"loc":{"start":{"line":40,"column":19},"end":{"line":40,"column":32}}},"3":{"name":"(anonymous_3)","line":64,"loc":{"start":{"line":64,"column":18},"end":{"line":64,"column":33}}},"4":{"name":"(anonymous_4)","line":79,"loc":{"start":{"line":79,"column":18},"end":{"line":79,"column":21}}},"5":{"name":"(anonymous_5)","line":90,"loc":{"start":{"line":90,"column":24},"end":{"line":90,"column":46}}}},"statementMap":{"1":{"start":{"line":1,"column":0},"end":{"line":1,"column":58}},"2":{"start":{"line":2,"column":0},"end":{"line":2,"column":47}},"3":{"start":{"line":21,"column":4},"end":{"line":21,"column":34}},"4":{"start":{"line":22,"column":4},"end":{"line":22,"column":75}},"5":{"start":{"line":23,"column":4},"end":{"line":23,"column":38}},"6":{"start":{"line":24,"column":4},"end":{"line":24,"column":51}},"7":{"start":{"line":25,"column":4},"end":{"line":29,"column":6}},"8":{"start":{"line":30,"column":4},"end":{"line":30,"column":50}},"9":{"start":{"line":31,"column":4},"end":{"line":31,"column":26}},"10":{"start":{"line":41,"column":4},"end":{"line":41,"column":35}},"11":{"start":{"line":42,"column":4},"end":{"line":57,"column":5}},"12":{"start":{"line":43,"column":6},"end":{"line":43,"column":66}},"13":{"start":{"line":44,"column":6},"end":{"line":56,"column":8}},"14":{"start":{"line":65,"column":4},"end":{"line":65,"column":44}},"15":{"start":{"line":66,"column":4},"end":{"line":66,"column":27}},"16":{"start":{"line":67,"column":4},"end":{"line":72,"column":6}},"17":{"start":{"line":80,"column":4},"end":{"line":80,"column":66}},"18":{"start":{"line":81,"column":4},"end":{"line":81,"column":64}},"19":{"start":{"line":91,"column":4},"end":{"line":93,"column":5}},"20":{"start":{"line":92,"column":6},"end":{"line":92,"column":42}},"21":{"start":{"line":95,"column":4},"end":{"line":97,"column":5}},"22":{"start":{"line":96,"column":6},"end":{"line":96,"column":40}},"23":{"start":{"line":101,"column":0},"end":{"line":101,"column":23}}},"branchMap":{"1":{"line":22,"type":"binary-expr","locations":[{"start":{"line":22,"column":19},"end":{"line":22,"column":25}},{"start":{"line":22,"column":29},"end":{"line":22,"column":43}},{"start":{"line":22,"column":47},"end":{"line":22,"column":68}},{"start":{"line":22,"column":73},"end":{"line":22,"column":75}}]},"2":{"line":24,"type":"binary-expr","locations":[{"start":{"line":24,"column":24},"end":{"line":24,"column":41}},{"start":{"line":24,"column":45},"end":{"line":24,"column":51}}]},"3":{"line":91,"type":"if","locations":[{"start":{"line":91,"column":4},"end":{"line":91,"column":4}},{"start":{"line":91,"column":4},"end":{"line":91,"column":4}}]},"4":{"line":91,"type":"binary-expr","locations":[{"start":{"line":91,"column":8},"end":{"line":91,"column":14}},{"start":{"line":91,"column":18},"end":{"line":91,"column":43}}]},"5":{"line":95,"type":"if","locations":[{"start":{"line":95,"column":4},"end":{"line":95,"column":4}},{"start":{"line":95,"column":4},"end":{"line":95,"column":4}}]},"6":{"line":95,"type":"binary-expr","locations":[{"start":{"line":95,"column":8},"end":{"line":95,"column":12}},{"start":{"line":95,"column":16},"end":{"line":95,"column":39}}]}}}}