{"/Users/mateuszspiewak/WebstormProjects/artillery-plugin-splunk/index.js":{"path":"/Users/mateuszspiewak/WebstormProjects/artillery-plugin-splunk/index.js","s":{"1":1,"2":9,"3":9,"4":9,"5":4,"6":4,"7":4,"8":4,"9":4,"10":2,"11":2,"12":5,"13":14,"14":6,"15":8,"16":3,"17":1},"b":{"1":[9,9,8,2],"2":[4,3],"3":[6,8],"4":[14,9],"5":[3,5],"6":[8,7]},"f":{"1":9,"2":4,"3":5,"4":14},"fnMap":{"1":{"name":"(anonymous_1)","line":19,"loc":{"start":{"line":19,"column":14},"end":{"line":19,"column":36}}},"2":{"name":"(anonymous_2)","line":38,"loc":{"start":{"line":38,"column":19},"end":{"line":38,"column":32}}},"3":{"name":"(anonymous_3)","line":61,"loc":{"start":{"line":61,"column":18},"end":{"line":61,"column":21}}},"4":{"name":"(anonymous_4)","line":71,"loc":{"start":{"line":71,"column":24},"end":{"line":71,"column":46}}}},"statementMap":{"1":{"start":{"line":1,"column":0},"end":{"line":1,"column":58}},"2":{"start":{"line":20,"column":4},"end":{"line":20,"column":34}},"3":{"start":{"line":21,"column":4},"end":{"line":21,"column":75}},"4":{"start":{"line":22,"column":4},"end":{"line":22,"column":38}},"5":{"start":{"line":23,"column":4},"end":{"line":23,"column":51}},"6":{"start":{"line":24,"column":4},"end":{"line":28,"column":6}},"7":{"start":{"line":29,"column":4},"end":{"line":29,"column":26}},"8":{"start":{"line":39,"column":4},"end":{"line":39,"column":35}},"9":{"start":{"line":40,"column":4},"end":{"line":54,"column":5}},"10":{"start":{"line":41,"column":6},"end":{"line":41,"column":66}},"11":{"start":{"line":42,"column":6},"end":{"line":53,"column":8}},"12":{"start":{"line":62,"column":4},"end":{"line":62,"column":66}},"13":{"start":{"line":72,"column":4},"end":{"line":74,"column":5}},"14":{"start":{"line":73,"column":6},"end":{"line":73,"column":42}},"15":{"start":{"line":76,"column":4},"end":{"line":78,"column":5}},"16":{"start":{"line":77,"column":6},"end":{"line":77,"column":40}},"17":{"start":{"line":82,"column":0},"end":{"line":82,"column":23}}},"branchMap":{"1":{"line":21,"type":"binary-expr","locations":[{"start":{"line":21,"column":19},"end":{"line":21,"column":25}},{"start":{"line":21,"column":29},"end":{"line":21,"column":43}},{"start":{"line":21,"column":47},"end":{"line":21,"column":68}},{"start":{"line":21,"column":73},"end":{"line":21,"column":75}}]},"2":{"line":23,"type":"binary-expr","locations":[{"start":{"line":23,"column":24},"end":{"line":23,"column":41}},{"start":{"line":23,"column":45},"end":{"line":23,"column":51}}]},"3":{"line":72,"type":"if","locations":[{"start":{"line":72,"column":4},"end":{"line":72,"column":4}},{"start":{"line":72,"column":4},"end":{"line":72,"column":4}}]},"4":{"line":72,"type":"binary-expr","locations":[{"start":{"line":72,"column":8},"end":{"line":72,"column":14}},{"start":{"line":72,"column":18},"end":{"line":72,"column":43}}]},"5":{"line":76,"type":"if","locations":[{"start":{"line":76,"column":4},"end":{"line":76,"column":4}},{"start":{"line":76,"column":4},"end":{"line":76,"column":4}}]},"6":{"line":76,"type":"binary-expr","locations":[{"start":{"line":76,"column":8},"end":{"line":76,"column":12}},{"start":{"line":76,"column":16},"end":{"line":76,"column":39}}]}}}}