TN:
SF:/Users/mateuszspiewak/WebstormProjects/artillery-plugin-splunk/index.js
FN:19,(anonymous_1)
FN:38,(anonymous_2)
FN:61,(anonymous_3)
FN:71,(anonymous_4)
FNF:4
FNH:4
FNDA:9,(anonymous_1)
FNDA:4,(anonymous_2)
FNDA:5,(anonymous_3)
FNDA:14,(anonymous_4)
DA:1,1
DA:20,9
DA:21,9
DA:22,9
DA:23,4
DA:24,4
DA:29,4
DA:39,4
DA:40,4
DA:41,2
DA:42,2
DA:62,5
DA:72,14
DA:73,6
DA:76,8
DA:77,3
DA:82,1
LF:17
LH:17
BRDA:21,1,0,9
BRDA:21,1,1,9
BRDA:21,1,2,8
BRDA:21,1,3,2
BRDA:23,2,0,4
BRDA:23,2,1,3
BRDA:72,3,0,6
BRDA:72,3,1,8
BRDA:72,4,0,14
BRDA:72,4,1,9
BRDA:76,5,0,3
BRDA:76,5,1,5
BRDA:76,6,0,8
BRDA:76,6,1,7
BRF:14
BRH:14
end_of_record
