TN:
SF:/Users/mateuszspiewak/WebstormProjects/artillery-plugin-splunk/index.js
FN:20,(anonymous_1)
FN:40,(anonymous_2)
FN:64,(anonymous_3)
FN:79,(anonymous_4)
FN:90,(anonymous_5)
FNF:5
FNH:4
FNDA:9,(anonymous_1)
FNDA:4,(anonymous_2)
FNDA:0,(anonymous_3)
FNDA:5,(anonymous_4)
FNDA:14,(anonymous_5)
DA:1,1
DA:2,1
DA:21,9
DA:22,9
DA:23,9
DA:24,4
DA:25,4
DA:30,4
DA:31,4
DA:41,4
DA:42,4
DA:43,2
DA:44,2
DA:65,0
DA:66,0
DA:67,0
DA:80,5
DA:81,5
DA:91,14
DA:92,6
DA:95,8
DA:96,3
DA:101,1
LF:23
LH:20
BRDA:22,1,0,9
BRDA:22,1,1,9
BRDA:22,1,2,8
BRDA:22,1,3,2
BRDA:24,2,0,4
BRDA:24,2,1,3
BRDA:91,3,0,6
BRDA:91,3,1,8
BRDA:91,4,0,14
BRDA:91,4,1,9
BRDA:95,5,0,3
BRDA:95,5,1,5
BRDA:95,6,0,8
BRDA:95,6,1,7
BRF:14
BRH:14
end_of_record
